2023-07-26 13:56:21 0 [Note] Starting MariaDB 10.4.28-MariaDB source revision c8f2e9a5c0ac5905f28b050b7df5a9ffd914b7e7 as process 3052
2023-07-26 13:56:21 0 [Note] InnoDB: Mutexes and rw_locks use Windows interlocked functions
2023-07-26 13:56:21 0 [Note] InnoDB: Uses event mutexes
2023-07-26 13:56:21 0 [Note] InnoDB: Compressed tables use zlib 1.2.12
2023-07-26 13:56:21 0 [Note] InnoDB: Number of pools: 1
2023-07-26 13:56:21 0 [Note] InnoDB: Using SSE2 crc32 instructions
2023-07-26 13:56:21 0 [Note] InnoDB: Initializing buffer pool, total size = 16M, instances = 1, chunk size = 16M
2023-07-26 13:56:21 0 [Note] InnoDB: Completed initialization of buffer pool
2023-07-26 13:56:21 0 [Note] InnoDB: Starting crash recovery from checkpoint LSN=300288
2023-07-26 13:56:21 0 [Note] InnoDB: 128 out of 128 rollback segments are active.
2023-07-26 13:56:21 0 [Note] InnoDB: Removed temporary tablespace data file: "ibtmp1"
2023-07-26 13:56:21 0 [Note] InnoDB: Creating shared tablespace for temporary tables
2023-07-26 13:56:21 0 [Note] InnoDB: Setting file 'C:\xampp\mysql\data\ibtmp1' size to 12 MB. Physically writing the file full; Please wait ...
2023-07-26 13:56:21 0 [Note] InnoDB: File 'C:\xampp\mysql\data\ibtmp1' size is now 12 MB.
2023-07-26 13:56:21 0 [Note] InnoDB: Waiting for purge to start
2023-07-26 13:56:21 0 [Note] InnoDB: 10.4.28 started; log sequence number 300297; transaction id 170
2023-07-26 13:56:21 0 [Note] InnoDB: Loading buffer pool(s) from C:\xampp\mysql\data\ib_buffer_pool
2023-07-26 13:56:21 0 [Note] Plugin 'FEEDBACK' is disabled.
2023-07-26 13:56:21 0 [Note] Server socket created on IP: '::'.
2023-07-26 14:01:06 0 [Note] Starting MariaDB 10.4.28-MariaDB source revision c8f2e9a5c0ac5905f28b050b7df5a9ffd914b7e7 as process 16996
2023-07-26 14:01:06 0 [Note] InnoDB: Mutexes and rw_locks use Windows interlocked functions
2023-07-26 14:01:06 0 [Note] InnoDB: Uses event mutexes
2023-07-26 14:01:06 0 [Note] InnoDB: Compressed tables use zlib 1.2.12
2023-07-26 14:01:06 0 [Note] InnoDB: Number of pools: 1
2023-07-26 14:01:06 0 [Note] InnoDB: Using SSE2 crc32 instructions
2023-07-26 14:01:06 0 [Note] InnoDB: Initializing buffer pool, total size = 16M, instances = 1, chunk size = 16M
2023-07-26 14:01:06 0 [Note] InnoDB: Completed initialization of buffer pool
2023-07-26 14:01:06 0 [Note] InnoDB: Starting crash recovery from checkpoint LSN=300638
2023-07-26 14:01:07 0 [Note] InnoDB: 128 out of 128 rollback segments are active.
2023-07-26 14:01:07 0 [Note] InnoDB: Removed temporary tablespace data file: "ibtmp1"
2023-07-26 14:01:07 0 [Note] InnoDB: Creating shared tablespace for temporary tables
2023-07-26 14:01:07 0 [Note] InnoDB: Setting file 'C:\xampp\mysql\data\ibtmp1' size to 12 MB. Physically writing the file full; Please wait ...
2023-07-26 14:01:07 0 [Note] InnoDB: File 'C:\xampp\mysql\data\ibtmp1' size is now 12 MB.
2023-07-26 14:01:07 0 [Note] InnoDB: Waiting for purge to start
2023-07-26 14:01:07 0 [Note] InnoDB: 10.4.28 started; log sequence number 300647; transaction id 193
2023-07-26 14:01:07 0 [Note] InnoDB: Loading buffer pool(s) from C:\xampp\mysql\data\ib_buffer_pool
2023-07-26 14:01:07 0 [Note] Plugin 'FEEDBACK' is disabled.
2023-07-26 14:01:07 0 [Note] Server socket created on IP: '::'.
2023-07-26 14:06:29 0 [Note] Starting MariaDB 10.4.28-MariaDB source revision c8f2e9a5c0ac5905f28b050b7df5a9ffd914b7e7 as process 7320
2023-07-26 14:06:29 0 [Note] InnoDB: Mutexes and rw_locks use Windows interlocked functions
2023-07-26 14:06:29 0 [Note] InnoDB: Uses event mutexes
2023-07-26 14:06:29 0 [Note] InnoDB: Compressed tables use zlib 1.2.12
2023-07-26 14:06:29 0 [Note] InnoDB: Number of pools: 1
2023-07-26 14:06:29 0 [Note] InnoDB: Using SSE2 crc32 instructions
2023-07-26 14:06:30 0 [Note] InnoDB: Initializing buffer pool, total size = 16M, instances = 1, chunk size = 16M
2023-07-26 14:06:30 0 [Note] InnoDB: Completed initialization of buffer pool
2023-07-26 14:06:30 0 [Note] InnoDB: Starting crash recovery from checkpoint LSN=301305
2023-07-26 14:06:30 0 [Note] InnoDB: 128 out of 128 rollback segments are active.
2023-07-26 14:06:30 0 [Note] InnoDB: Removed temporary tablespace data file: "ibtmp1"
2023-07-26 14:06:30 0 [Note] InnoDB: Creating shared tablespace for temporary tables
2023-07-26 14:06:30 0 [Note] InnoDB: Setting file 'C:\xampp\mysql\data\ibtmp1' size to 12 MB. Physically writing the file full; Please wait ...
2023-07-26 14:06:30 0 [Note] InnoDB: File 'C:\xampp\mysql\data\ibtmp1' size is now 12 MB.
2023-07-26 14:06:30 0 [Note] InnoDB: Waiting for purge to start
2023-07-26 14:06:30 0 [Note] InnoDB: 10.4.28 started; log sequence number 301314; transaction id 218
2023-07-26 14:06:30 0 [Note] InnoDB: Loading buffer pool(s) from C:\xampp\mysql\data\ib_buffer_pool
2023-07-26 14:06:30 0 [Note] Plugin 'FEEDBACK' is disabled.
2023-07-26 14:06:30 0 [Note] Server socket created on IP: '::'.
2023-07-31 11:45:43 0 [Note] Starting MariaDB 10.4.28-MariaDB source revision c8f2e9a5c0ac5905f28b050b7df5a9ffd914b7e7 as process 12032
2023-07-31 11:45:43 0 [Note] InnoDB: Mutexes and rw_locks use Windows interlocked functions
2023-07-31 11:45:43 0 [Note] InnoDB: Uses event mutexes
2023-07-31 11:45:43 0 [Note] InnoDB: Compressed tables use zlib 1.2.12
2023-07-31 11:45:43 0 [Note] InnoDB: Number of pools: 1
2023-07-31 11:45:43 0 [Note] InnoDB: Using SSE2 crc32 instructions
2023-07-31 11:45:43 0 [Note] InnoDB: Initializing buffer pool, total size = 16M, instances = 1, chunk size = 16M
2023-07-31 11:45:43 0 [Note] InnoDB: Completed initialization of buffer pool
2023-07-31 11:45:43 0 [Note] InnoDB: Starting crash recovery from checkpoint LSN=617218
2023-07-31 11:45:43 0 [Note] InnoDB: 128 out of 128 rollback segments are active.
2023-07-31 11:45:43 0 [Note] InnoDB: Removed temporary tablespace data file: "ibtmp1"
2023-07-31 11:45:43 0 [Note] InnoDB: Creating shared tablespace for temporary tables
2023-07-31 11:45:43 0 [Note] InnoDB: Setting file 'C:\xampp\mysql\data\ibtmp1' size to 12 MB. Physically writing the file full; Please wait ...
2023-07-31 11:45:43 0 [Note] InnoDB: File 'C:\xampp\mysql\data\ibtmp1' size is now 12 MB.
2023-07-31 11:45:43 0 [Note] InnoDB: Waiting for purge to start
2023-07-31 11:45:43 0 [Note] InnoDB: 10.4.28 started; log sequence number 617227; transaction id 332
2023-07-31 11:45:43 0 [Note] InnoDB: Loading buffer pool(s) from C:\xampp\mysql\data\ib_buffer_pool
2023-07-31 11:45:43 0 [Note] Plugin 'FEEDBACK' is disabled.
2023-07-31 11:45:43 0 [Note] Server socket created on IP: '::'.
2023-08-01 10:01:55 0 [Note] Starting MariaDB 10.4.28-MariaDB source revision c8f2e9a5c0ac5905f28b050b7df5a9ffd914b7e7 as process 6196
2023-08-01 10:01:55 0 [Note] InnoDB: Mutexes and rw_locks use Windows interlocked functions
2023-08-01 10:01:55 0 [Note] InnoDB: Uses event mutexes
2023-08-01 10:01:55 0 [Note] InnoDB: Compressed tables use zlib 1.2.12
2023-08-01 10:01:55 0 [Note] InnoDB: Number of pools: 1
2023-08-01 10:01:55 0 [Note] InnoDB: Using SSE2 crc32 instructions
2023-08-01 10:01:55 0 [Note] InnoDB: Initializing buffer pool, total size = 16M, instances = 1, chunk size = 16M
2023-08-01 10:01:55 0 [Note] InnoDB: Completed initialization of buffer pool
2023-08-01 10:01:55 0 [Note] InnoDB: Starting crash recovery from checkpoint LSN=1154171
2023-08-01 10:01:55 0 [Note] InnoDB: 128 out of 128 rollback segments are active.
2023-08-01 10:01:55 0 [Note] InnoDB: Removed temporary tablespace data file: "ibtmp1"
2023-08-01 10:01:55 0 [Note] InnoDB: Creating shared tablespace for temporary tables
2023-08-01 10:01:55 0 [Note] InnoDB: Setting file 'C:\xampp\mysql\data\ibtmp1' size to 12 MB. Physically writing the file full; Please wait ...
2023-08-01 10:01:55 0 [Note] InnoDB: File 'C:\xampp\mysql\data\ibtmp1' size is now 12 MB.
2023-08-01 10:01:55 0 [Note] InnoDB: Waiting for purge to start
2023-08-01 10:01:56 0 [Note] InnoDB: 10.4.28 started; log sequence number 1154180; transaction id 390
2023-08-01 10:01:56 0 [Note] InnoDB: Loading buffer pool(s) from C:\xampp\mysql\data\ib_buffer_pool
2023-08-01 10:01:56 0 [Note] Plugin 'FEEDBACK' is disabled.
2023-08-01 10:01:56 0 [Note] InnoDB: Buffer pool(s) load completed at 230801 10:01:56
2023-08-01 10:01:56 0 [Note] Server socket created on IP: '::'.
2023-08-01 13:28:47 0 [Note] Starting MariaDB 10.4.28-MariaDB source revision c8f2e9a5c0ac5905f28b050b7df5a9ffd914b7e7 as process 17764
2023-08-01 13:28:47 0 [Note] InnoDB: Mutexes and rw_locks use Windows interlocked functions
2023-08-01 13:28:47 0 [Note] InnoDB: Uses event mutexes
2023-08-01 13:28:47 0 [Note] InnoDB: Compressed tables use zlib 1.2.12
2023-08-01 13:28:47 0 [Note] InnoDB: Number of pools: 1
2023-08-01 13:28:47 0 [Note] InnoDB: Using SSE2 crc32 instructions
2023-08-01 13:28:47 0 [Note] InnoDB: Initializing buffer pool, total size = 16M, instances = 1, chunk size = 16M
2023-08-01 13:28:47 0 [Note] InnoDB: Completed initialization of buffer pool
2023-08-01 13:28:47 0 [Note] InnoDB: Starting crash recovery from checkpoint LSN=1174296
2023-08-01 13:28:47 0 [Note] InnoDB: 128 out of 128 rollback segments are active.
2023-08-01 13:28:47 0 [Note] InnoDB: Removed temporary tablespace data file: "ibtmp1"
2023-08-01 13:28:47 0 [Note] InnoDB: Creating shared tablespace for temporary tables
2023-08-01 13:28:47 0 [Note] InnoDB: Setting file 'C:\xampp\mysql\data\ibtmp1' size to 12 MB. Physically writing the file full; Please wait ...
2023-08-01 13:28:47 0 [Note] InnoDB: File 'C:\xampp\mysql\data\ibtmp1' size is now 12 MB.
2023-08-01 13:28:47 0 [Note] InnoDB: Waiting for purge to start
2023-08-01 13:28:47 0 [Note] InnoDB: 10.4.28 started; log sequence number 1174305; transaction id 424
2023-08-01 13:28:47 0 [Note] InnoDB: Loading buffer pool(s) from C:\xampp\mysql\data\ib_buffer_pool
2023-08-01 13:28:47 0 [Note] Plugin 'FEEDBACK' is disabled.
2023-08-01 13:28:47 0 [Note] Server socket created on IP: '::'.
2023-08-02 10:28:14 0 [Note] Starting MariaDB 10.4.28-MariaDB source revision c8f2e9a5c0ac5905f28b050b7df5a9ffd914b7e7 as process 21456
2023-08-02 10:28:14 0 [Note] InnoDB: Mutexes and rw_locks use Windows interlocked functions
2023-08-02 10:28:14 0 [Note] InnoDB: Uses event mutexes
2023-08-02 10:28:14 0 [Note] InnoDB: Compressed tables use zlib 1.2.12
2023-08-02 10:28:14 0 [Note] InnoDB: Number of pools: 1
2023-08-02 10:28:14 0 [Note] InnoDB: Using SSE2 crc32 instructions
2023-08-02 10:28:14 0 [Note] InnoDB: Initializing buffer pool, total size = 16M, instances = 1, chunk size = 16M
2023-08-02 10:28:14 0 [Note] InnoDB: Completed initialization of buffer pool
2023-08-02 10:28:14 0 [Note] InnoDB: Starting crash recovery from checkpoint LSN=1175089
2023-08-02 10:28:14 0 [Note] InnoDB: 128 out of 128 rollback segments are active.
2023-08-02 10:28:14 0 [Note] InnoDB: Removed temporary tablespace data file: "ibtmp1"
2023-08-02 10:28:14 0 [Note] InnoDB: Creating shared tablespace for temporary tables
2023-08-02 10:28:14 0 [Note] InnoDB: Setting file 'C:\xampp\mysql\data\ibtmp1' size to 12 MB. Physically writing the file full; Please wait ...
2023-08-02 10:28:14 0 [Note] InnoDB: File 'C:\xampp\mysql\data\ibtmp1' size is now 12 MB.
2023-08-02 10:28:14 0 [Note] InnoDB: 10.4.28 started; log sequence number 1175098; transaction id 449
2023-08-02 10:28:14 0 [Note] InnoDB: Loading buffer pool(s) from C:\xampp\mysql\data\ib_buffer_pool
2023-08-02 10:28:14 0 [Note] Plugin 'FEEDBACK' is disabled.
2023-08-02 10:28:14 0 [Note] Server socket created on IP: '::'.
2023-08-02 10:28:14 0 [Note] InnoDB: Buffer pool(s) load completed at 230802 10:28:14
2023-08-02 10:28:14 0 [Note] Reading of all Master_info entries succeeded
2023-08-02 10:28:14 0 [Note] Added new Master_info '' to hash table
2023-08-02 10:28:14 0 [Note] c:\xampp\mysql\bin\mysqld.exe: ready for connections.
Version: '10.4.28-MariaDB'  socket: ''  port: 3306  mariadb.org binary distribution
2023-08-02 15:33:59 0 [Note] Starting MariaDB 10.4.28-MariaDB source revision c8f2e9a5c0ac5905f28b050b7df5a9ffd914b7e7 as process 25664
2023-08-02 15:33:59 0 [Note] InnoDB: Mutexes and rw_locks use Windows interlocked functions
2023-08-02 15:33:59 0 [Note] InnoDB: Uses event mutexes
2023-08-02 15:33:59 0 [Note] InnoDB: Compressed tables use zlib 1.2.12
2023-08-02 15:33:59 0 [Note] InnoDB: Number of pools: 1
2023-08-02 15:33:59 0 [Note] InnoDB: Using SSE2 crc32 instructions
2023-08-02 15:33:59 0 [Note] InnoDB: Initializing buffer pool, total size = 16M, instances = 1, chunk size = 16M
2023-08-02 15:33:59 0 [Note] InnoDB: Completed initialization of buffer pool
2023-08-02 15:33:59 0 [Note] InnoDB: Starting crash recovery from checkpoint LSN=1181548
2023-08-02 15:33:59 0 [Note] InnoDB: 128 out of 128 rollback segments are active.
2023-08-02 15:33:59 0 [Note] InnoDB: Removed temporary tablespace data file: "ibtmp1"
2023-08-02 15:33:59 0 [Note] InnoDB: Creating shared tablespace for temporary tables
2023-08-02 15:33:59 0 [Note] InnoDB: Setting file 'C:\xampp\mysql\data\ibtmp1' size to 12 MB. Physically writing the file full; Please wait ...
2023-08-02 15:33:59 0 [Note] InnoDB: File 'C:\xampp\mysql\data\ibtmp1' size is now 12 MB.
2023-08-02 15:33:59 0 [Note] InnoDB: 10.4.28 started; log sequence number 1181557; transaction id 499
2023-08-02 15:33:59 0 [Note] InnoDB: Loading buffer pool(s) from C:\xampp\mysql\data\ib_buffer_pool
2023-08-02 15:33:59 0 [Note] Plugin 'FEEDBACK' is disabled.
2023-08-02 15:33:59 0 [Note] Server socket created on IP: '::'.
2023-08-02 15:34:13 0 [Note] Starting MariaDB 10.4.28-MariaDB source revision c8f2e9a5c0ac5905f28b050b7df5a9ffd914b7e7 as process 8152
2023-08-02 15:34:13 0 [Note] InnoDB: Mutexes and rw_locks use Windows interlocked functions
2023-08-02 15:34:13 0 [Note] InnoDB: Uses event mutexes
2023-08-02 15:34:13 0 [Note] InnoDB: Compressed tables use zlib 1.2.12
2023-08-02 15:34:13 0 [Note] InnoDB: Number of pools: 1
2023-08-02 15:34:13 0 [Note] InnoDB: Using SSE2 crc32 instructions
2023-08-02 15:34:13 0 [Note] InnoDB: Initializing buffer pool, total size = 16M, instances = 1, chunk size = 16M
2023-08-02 15:34:13 0 [Note] InnoDB: Completed initialization of buffer pool
2023-08-02 15:34:13 0 [Note] InnoDB: Starting crash recovery from checkpoint LSN=1181566
2023-08-02 15:34:13 0 [Note] InnoDB: 128 out of 128 rollback segments are active.
2023-08-02 15:34:13 0 [Note] InnoDB: Removed temporary tablespace data file: "ibtmp1"
2023-08-02 15:34:13 0 [Note] InnoDB: Creating shared tablespace for temporary tables
2023-08-02 15:34:13 0 [Note] InnoDB: Setting file 'C:\xampp\mysql\data\ibtmp1' size to 12 MB. Physically writing the file full; Please wait ...
2023-08-02 15:34:13 0 [Note] InnoDB: File 'C:\xampp\mysql\data\ibtmp1' size is now 12 MB.
2023-08-02 15:34:13 0 [Note] InnoDB: Waiting for purge to start
2023-08-02 15:34:13 0 [Note] InnoDB: 10.4.28 started; log sequence number 1181575; transaction id 499
2023-08-02 15:34:13 0 [Note] InnoDB: Loading buffer pool(s) from C:\xampp\mysql\data\ib_buffer_pool
2023-08-02 15:34:13 0 [Note] Plugin 'FEEDBACK' is disabled.
2023-08-02 15:34:13 0 [Note] Server socket created on IP: '::'.
2023-08-02 16:18:19 0 [Note] Starting MariaDB 10.4.28-MariaDB source revision c8f2e9a5c0ac5905f28b050b7df5a9ffd914b7e7 as process 2604
2023-08-02 16:18:19 0 [Note] InnoDB: Mutexes and rw_locks use Windows interlocked functions
2023-08-02 16:18:19 0 [Note] InnoDB: Uses event mutexes
2023-08-02 16:18:19 0 [Note] InnoDB: Compressed tables use zlib 1.2.12
2023-08-02 16:18:19 0 [Note] InnoDB: Number of pools: 1
2023-08-02 16:18:19 0 [Note] InnoDB: Using SSE2 crc32 instructions
2023-08-02 16:18:19 0 [Note] InnoDB: Initializing buffer pool, total size = 16M, instances = 1, chunk size = 16M
2023-08-02 16:18:19 0 [Note] InnoDB: Completed initialization of buffer pool
2023-08-02 16:18:19 0 [Note] InnoDB: Starting crash recovery from checkpoint LSN=1199508
2023-08-02 16:18:19 0 [Note] InnoDB: 128 out of 128 rollback segments are active.
2023-08-02 16:18:19 0 [Note] InnoDB: Removed temporary tablespace data file: "ibtmp1"
2023-08-02 16:18:19 0 [Note] InnoDB: Creating shared tablespace for temporary tables
2023-08-02 16:18:19 0 [Note] InnoDB: Setting file 'C:\xampp\mysql\data\ibtmp1' size to 12 MB. Physically writing the file full; Please wait ...
2023-08-02 16:18:19 0 [Note] InnoDB: File 'C:\xampp\mysql\data\ibtmp1' size is now 12 MB.
2023-08-02 16:18:19 0 [Note] InnoDB: 10.4.28 started; log sequence number 1199517; transaction id 505
2023-08-02 16:18:19 0 [Note] Plugin 'FEEDBACK' is disabled.
2023-08-02 16:18:19 0 [Note] InnoDB: Loading buffer pool(s) from C:\xampp\mysql\data\ib_buffer_pool
2023-08-02 16:18:19 0 [Note] Server socket created on IP: '::'.
2023-08-02 22:22:16 0 [Note] Starting MariaDB 10.4.28-MariaDB source revision c8f2e9a5c0ac5905f28b050b7df5a9ffd914b7e7 as process 21864
2023-08-02 22:22:16 0 [Note] InnoDB: Mutexes and rw_locks use Windows interlocked functions
2023-08-02 22:22:16 0 [Note] InnoDB: Uses event mutexes
2023-08-02 22:22:16 0 [Note] InnoDB: Compressed tables use zlib 1.2.12
2023-08-02 22:22:16 0 [Note] InnoDB: Number of pools: 1
2023-08-02 22:22:16 0 [Note] InnoDB: Using SSE2 crc32 instructions
2023-08-02 22:22:16 0 [Note] InnoDB: Initializing buffer pool, total size = 16M, instances = 1, chunk size = 16M
2023-08-02 22:22:16 0 [Note] InnoDB: Completed initialization of buffer pool
2023-08-02 22:22:16 0 [Note] InnoDB: Starting crash recovery from checkpoint LSN=1199526
2023-08-02 22:22:16 0 [Note] InnoDB: 128 out of 128 rollback segments are active.
2023-08-02 22:22:16 0 [Note] InnoDB: Removed temporary tablespace data file: "ibtmp1"
2023-08-02 22:22:16 0 [Note] InnoDB: Creating shared tablespace for temporary tables
2023-08-02 22:22:16 0 [Note] InnoDB: Setting file 'C:\xampp\mysql\data\ibtmp1' size to 12 MB. Physically writing the file full; Please wait ...
2023-08-02 22:22:16 0 [Note] InnoDB: File 'C:\xampp\mysql\data\ibtmp1' size is now 12 MB.
2023-08-02 22:22:16 0 [Note] InnoDB: 10.4.28 started; log sequence number 1199535; transaction id 505
2023-08-02 22:22:16 0 [Note] InnoDB: Loading buffer pool(s) from C:\xampp\mysql\data\ib_buffer_pool
2023-08-02 22:22:16 0 [Note] Plugin 'FEEDBACK' is disabled.
2023-08-02 22:22:16 0 [Note] Server socket created on IP: '::'.
2023-08-02 22:50:54 0 [Note] Starting MariaDB 10.4.28-MariaDB source revision c8f2e9a5c0ac5905f28b050b7df5a9ffd914b7e7 as process 6272
2023-08-02 22:50:54 0 [Note] InnoDB: Mutexes and rw_locks use Windows interlocked functions
2023-08-02 22:50:54 0 [Note] InnoDB: Uses event mutexes
2023-08-02 22:50:54 0 [Note] InnoDB: Compressed tables use zlib 1.2.12
2023-08-02 22:50:54 0 [Note] InnoDB: Number of pools: 1
2023-08-02 22:50:54 0 [Note] InnoDB: Using SSE2 crc32 instructions
2023-08-02 22:50:54 0 [Note] InnoDB: Initializing buffer pool, total size = 16M, instances = 1, chunk size = 16M
2023-08-02 22:50:54 0 [Note] InnoDB: Completed initialization of buffer pool
2023-08-02 22:50:54 0 [Note] InnoDB: Starting crash recovery from checkpoint LSN=1199544
2023-08-02 22:50:55 0 [Note] InnoDB: 128 out of 128 rollback segments are active.
2023-08-02 22:50:55 0 [Note] InnoDB: Removed temporary tablespace data file: "ibtmp1"
2023-08-02 22:50:55 0 [Note] InnoDB: Creating shared tablespace for temporary tables
2023-08-02 22:50:55 0 [Note] InnoDB: Setting file 'C:\xampp\mysql\data\ibtmp1' size to 12 MB. Physically writing the file full; Please wait ...
2023-08-02 22:50:55 0 [Note] InnoDB: File 'C:\xampp\mysql\data\ibtmp1' size is now 12 MB.
2023-08-02 22:50:55 0 [Note] InnoDB: Waiting for purge to start
2023-08-02 22:50:55 0 [Note] InnoDB: 10.4.28 started; log sequence number 1199553; transaction id 505
2023-08-02 22:50:55 0 [Note] InnoDB: Loading buffer pool(s) from C:\xampp\mysql\data\ib_buffer_pool
2023-08-02 22:50:55 0 [Note] Plugin 'FEEDBACK' is disabled.
2023-08-02 22:50:55 0 [Note] Server socket created on IP: '::'.
2023-08-03  1:20:30 0 [Note] Starting MariaDB 10.4.28-MariaDB source revision c8f2e9a5c0ac5905f28b050b7df5a9ffd914b7e7 as process 1856
2023-08-03  1:20:30 0 [Note] InnoDB: Mutexes and rw_locks use Windows interlocked functions
2023-08-03  1:20:30 0 [Note] InnoDB: Uses event mutexes
2023-08-03  1:20:30 0 [Note] InnoDB: Compressed tables use zlib 1.2.12
2023-08-03  1:20:30 0 [Note] InnoDB: Number of pools: 1
2023-08-03  1:20:30 0 [Note] InnoDB: Using SSE2 crc32 instructions
2023-08-03  1:20:30 0 [Note] InnoDB: Initializing buffer pool, total size = 16M, instances = 1, chunk size = 16M
2023-08-03  1:20:30 0 [Note] InnoDB: Completed initialization of buffer pool
2023-08-03  1:20:30 0 [Note] InnoDB: Starting crash recovery from checkpoint LSN=2458464
2023-08-03  1:20:30 0 [Note] InnoDB: 128 out of 128 rollback segments are active.
2023-08-03  1:20:30 0 [Note] InnoDB: Removed temporary tablespace data file: "ibtmp1"
2023-08-03  1:20:30 0 [Note] InnoDB: Creating shared tablespace for temporary tables
2023-08-03  1:20:30 0 [Note] InnoDB: Setting file 'C:\xampp\mysql\data\ibtmp1' size to 12 MB. Physically writing the file full; Please wait ...
2023-08-03  1:20:30 0 [Note] InnoDB: File 'C:\xampp\mysql\data\ibtmp1' size is now 12 MB.
2023-08-03  1:20:30 0 [Note] InnoDB: Waiting for purge to start
2023-08-03  1:20:30 0 [Note] InnoDB: 10.4.28 started; log sequence number 2458473; transaction id 608
2023-08-03  1:20:30 0 [Note] InnoDB: Loading buffer pool(s) from C:\xampp\mysql\data\ib_buffer_pool
2023-08-03  1:20:30 0 [Note] Plugin 'FEEDBACK' is disabled.
2023-08-03  1:20:30 0 [Note] Server socket created on IP: '::'.
2023-08-04 10:41:47 0 [Note] Starting MariaDB 10.4.28-MariaDB source revision c8f2e9a5c0ac5905f28b050b7df5a9ffd914b7e7 as process 19740
2023-08-04 10:41:47 0 [Note] InnoDB: Mutexes and rw_locks use Windows interlocked functions
2023-08-04 10:41:47 0 [Note] InnoDB: Uses event mutexes
2023-08-04 10:41:47 0 [Note] InnoDB: Compressed tables use zlib 1.2.12
2023-08-04 10:41:47 0 [Note] InnoDB: Number of pools: 1
2023-08-04 10:41:47 0 [Note] InnoDB: Using SSE2 crc32 instructions
2023-08-04 10:41:47 0 [Note] InnoDB: Initializing buffer pool, total size = 16M, instances = 1, chunk size = 16M
2023-08-04 10:41:47 0 [Note] InnoDB: Completed initialization of buffer pool
2023-08-04 10:41:47 0 [Note] InnoDB: Starting crash recovery from checkpoint LSN=5648995
2023-08-04 10:41:48 0 [Note] InnoDB: 128 out of 128 rollback segments are active.
2023-08-04 10:41:48 0 [Note] InnoDB: Removed temporary tablespace data file: "ibtmp1"
2023-08-04 10:41:48 0 [Note] InnoDB: Creating shared tablespace for temporary tables
2023-08-04 10:41:48 0 [Note] InnoDB: Setting file 'C:\xampp\mysql\data\ibtmp1' size to 12 MB. Physically writing the file full; Please wait ...
2023-08-04 10:41:48 0 [Note] InnoDB: File 'C:\xampp\mysql\data\ibtmp1' size is now 12 MB.
2023-08-04 10:41:48 0 [Note] InnoDB: Waiting for purge to start
2023-08-04 10:41:48 0 [Note] InnoDB: 10.4.28 started; log sequence number 5649004; transaction id 885
2023-08-04 10:41:48 0 [Note] InnoDB: Loading buffer pool(s) from C:\xampp\mysql\data\ib_buffer_pool
2023-08-04 10:41:48 0 [Note] Plugin 'FEEDBACK' is disabled.
2023-08-04 10:41:48 0 [Note] Server socket created on IP: '::'.
2023-08-04 10:41:54 0 [Note] Starting MariaDB 10.4.28-MariaDB source revision c8f2e9a5c0ac5905f28b050b7df5a9ffd914b7e7 as process 22488
2023-08-04 10:41:54 0 [Note] InnoDB: Mutexes and rw_locks use Windows interlocked functions
2023-08-04 10:41:54 0 [Note] InnoDB: Uses event mutexes
2023-08-04 10:41:54 0 [Note] InnoDB: Compressed tables use zlib 1.2.12
2023-08-04 10:41:54 0 [Note] InnoDB: Number of pools: 1
2023-08-04 10:41:54 0 [Note] InnoDB: Using SSE2 crc32 instructions
2023-08-04 10:41:54 0 [Note] InnoDB: Initializing buffer pool, total size = 16M, instances = 1, chunk size = 16M
2023-08-04 10:41:54 0 [Note] InnoDB: Completed initialization of buffer pool
2023-08-04 10:41:54 0 [Note] InnoDB: 128 out of 128 rollback segments are active.
2023-08-04 10:41:54 0 [Note] InnoDB: Creating shared tablespace for temporary tables
2023-08-04 10:41:54 0 [Note] InnoDB: Setting file 'C:\xampp\mysql\data\ibtmp1' size to 12 MB. Physically writing the file full; Please wait ...
2023-08-04 10:41:54 0 [Note] InnoDB: File 'C:\xampp\mysql\data\ibtmp1' size is now 12 MB.
2023-08-04 10:41:54 0 [Note] InnoDB: Waiting for purge to start
2023-08-04 10:41:54 0 [Note] InnoDB: 10.4.28 started; log sequence number 5649013; transaction id 885
2023-08-04 10:41:54 0 [Note] InnoDB: Loading buffer pool(s) from C:\xampp\mysql\data\ib_buffer_pool
2023-08-04 10:41:54 0 [Note] Plugin 'FEEDBACK' is disabled.
2023-08-04 10:41:54 0 [Note] Server socket created on IP: '::'.
2023-08-04 10:42:09 0 [Note] Starting MariaDB 10.4.28-MariaDB source revision c8f2e9a5c0ac5905f28b050b7df5a9ffd914b7e7 as process 17700
2023-08-04 10:42:09 0 [Note] InnoDB: Mutexes and rw_locks use Windows interlocked functions
2023-08-04 10:42:09 0 [Note] InnoDB: Uses event mutexes
2023-08-04 10:42:09 0 [Note] InnoDB: Compressed tables use zlib 1.2.12
2023-08-04 10:42:09 0 [Note] InnoDB: Number of pools: 1
2023-08-04 10:42:09 0 [Note] InnoDB: Using SSE2 crc32 instructions
2023-08-04 10:42:09 0 [Note] InnoDB: Initializing buffer pool, total size = 16M, instances = 1, chunk size = 16M
2023-08-04 10:42:09 0 [Note] InnoDB: Completed initialization of buffer pool
2023-08-04 10:42:09 0 [Note] InnoDB: 128 out of 128 rollback segments are active.
2023-08-04 10:42:09 0 [Note] InnoDB: Creating shared tablespace for temporary tables
2023-08-04 10:42:09 0 [Note] InnoDB: Setting file 'C:\xampp\mysql\data\ibtmp1' size to 12 MB. Physically writing the file full; Please wait ...
2023-08-04 10:42:09 0 [Note] InnoDB: File 'C:\xampp\mysql\data\ibtmp1' size is now 12 MB.
2023-08-04 10:42:09 0 [Note] InnoDB: 10.4.28 started; log sequence number 5649022; transaction id 885
2023-08-04 10:42:09 0 [Note] InnoDB: Loading buffer pool(s) from C:\xampp\mysql\data\ib_buffer_pool
2023-08-04 10:42:09 0 [Note] Plugin 'FEEDBACK' is disabled.
2023-08-04 10:42:09 0 [Note] Server socket created on IP: '::'.
2023-08-04 10:44:18 0 [Note] Starting MariaDB 10.4.28-MariaDB source revision c8f2e9a5c0ac5905f28b050b7df5a9ffd914b7e7 as process 4320
2023-08-04 10:44:18 0 [Note] InnoDB: Mutexes and rw_locks use Windows interlocked functions
2023-08-04 10:44:18 0 [Note] InnoDB: Uses event mutexes
2023-08-04 10:44:18 0 [Note] InnoDB: Compressed tables use zlib 1.2.12
2023-08-04 10:44:18 0 [Note] InnoDB: Number of pools: 1
2023-08-04 10:44:18 0 [Note] InnoDB: Using SSE2 crc32 instructions
2023-08-04 10:44:18 0 [Note] InnoDB: Initializing buffer pool, total size = 16M, instances = 1, chunk size = 16M
2023-08-04 10:44:18 0 [Note] InnoDB: Completed initialization of buffer pool
2023-08-04 10:44:18 0 [Note] InnoDB: 128 out of 128 rollback segments are active.
2023-08-04 10:44:18 0 [Note] InnoDB: Creating shared tablespace for temporary tables
2023-08-04 10:44:18 0 [Note] InnoDB: Setting file 'C:\xampp\mysql\data\ibtmp1' size to 12 MB. Physically writing the file full; Please wait ...
2023-08-04 10:44:18 0 [Note] InnoDB: File 'C:\xampp\mysql\data\ibtmp1' size is now 12 MB.
2023-08-04 10:44:18 0 [Note] InnoDB: 10.4.28 started; log sequence number 5649031; transaction id 885
2023-08-04 10:44:18 0 [Note] InnoDB: Loading buffer pool(s) from C:\xampp\mysql\data\ib_buffer_pool
2023-08-04 10:44:18 0 [Note] Plugin 'FEEDBACK' is disabled.
2023-08-04 10:44:18 0 [Note] Server socket created on IP: '::'.
2023-08-04 10:44:25 0 [Note] Starting MariaDB 10.4.28-MariaDB source revision c8f2e9a5c0ac5905f28b050b7df5a9ffd914b7e7 as process 12924
2023-08-04 10:44:25 0 [Note] InnoDB: Mutexes and rw_locks use Windows interlocked functions
2023-08-04 10:44:25 0 [Note] InnoDB: Uses event mutexes
2023-08-04 10:44:25 0 [Note] InnoDB: Compressed tables use zlib 1.2.12
2023-08-04 10:44:25 0 [Note] InnoDB: Number of pools: 1
2023-08-04 10:44:25 0 [Note] InnoDB: Using SSE2 crc32 instructions
2023-08-04 10:44:25 0 [Note] InnoDB: Initializing buffer pool, total size = 16M, instances = 1, chunk size = 16M
2023-08-04 10:44:25 0 [Note] InnoDB: Completed initialization of buffer pool
2023-08-04 10:44:25 0 [Note] InnoDB: The log sequence number 5649031 in the system tablespace does not match the log sequence number 5649040 in the ib_logfiles!
2023-08-04 10:44:25 0 [Note] InnoDB: 128 out of 128 rollback segments are active.
2023-08-04 10:44:25 0 [Note] InnoDB: Removed temporary tablespace data file: "ibtmp1"
2023-08-04 10:44:25 0 [Note] InnoDB: Creating shared tablespace for temporary tables
2023-08-04 10:44:25 0 [Note] InnoDB: Setting file 'C:\xampp\mysql\data\ibtmp1' size to 12 MB. Physically writing the file full; Please wait ...
2023-08-04 10:44:25 0 [Note] InnoDB: File 'C:\xampp\mysql\data\ibtmp1' size is now 12 MB.
2023-08-04 10:44:25 0 [Note] InnoDB: Waiting for purge to start
2023-08-04 10:44:25 0 [Note] InnoDB: 10.4.28 started; log sequence number 5649040; transaction id 885
2023-08-04 10:44:25 0 [Note] InnoDB: Loading buffer pool(s) from C:\xampp\mysql\data\ib_buffer_pool
2023-08-04 10:44:25 0 [Note] Plugin 'FEEDBACK' is disabled.
2023-08-04 10:44:25 0 [Note] Server socket created on IP: '::'.
2023-08-04 10:44:30 0 [Note] Starting MariaDB 10.4.28-MariaDB source revision c8f2e9a5c0ac5905f28b050b7df5a9ffd914b7e7 as process 5564
2023-08-04 10:44:30 0 [Note] InnoDB: Mutexes and rw_locks use Windows interlocked functions
2023-08-04 10:44:30 0 [Note] InnoDB: Uses event mutexes
2023-08-04 10:44:30 0 [Note] InnoDB: Compressed tables use zlib 1.2.12
2023-08-04 10:44:30 0 [Note] InnoDB: Number of pools: 1
2023-08-04 10:44:30 0 [Note] InnoDB: Using SSE2 crc32 instructions
2023-08-04 10:44:30 0 [Note] InnoDB: Initializing buffer pool, total size = 16M, instances = 1, chunk size = 16M
2023-08-04 10:44:30 0 [Note] InnoDB: Completed initialization of buffer pool
2023-08-04 10:44:30 0 [Note] InnoDB: 128 out of 128 rollback segments are active.
2023-08-04 10:44:30 0 [Note] InnoDB: Creating shared tablespace for temporary tables
2023-08-04 10:44:30 0 [Note] InnoDB: Setting file 'C:\xampp\mysql\data\ibtmp1' size to 12 MB. Physically writing the file full; Please wait ...
2023-08-04 10:44:30 0 [Note] InnoDB: File 'C:\xampp\mysql\data\ibtmp1' size is now 12 MB.
2023-08-04 10:44:30 0 [Note] InnoDB: Waiting for purge to start
2023-08-04 10:44:30 0 [Note] InnoDB: 10.4.28 started; log sequence number 5649049; transaction id 885
2023-08-04 10:44:30 0 [Note] InnoDB: Loading buffer pool(s) from C:\xampp\mysql\data\ib_buffer_pool
2023-08-04 10:44:30 0 [Note] Plugin 'FEEDBACK' is disabled.
2023-08-04 10:44:30 0 [Note] Server socket created on IP: '::'.
2023-08-04 10:46:36 0 [Note] Starting MariaDB 10.4.28-MariaDB source revision c8f2e9a5c0ac5905f28b050b7df5a9ffd914b7e7 as process 21912
2023-08-04 10:46:36 0 [Note] InnoDB: Mutexes and rw_locks use Windows interlocked functions
2023-08-04 10:46:36 0 [Note] InnoDB: Uses event mutexes
2023-08-04 10:46:36 0 [Note] InnoDB: Compressed tables use zlib 1.2.12
2023-08-04 10:46:36 0 [Note] InnoDB: Number of pools: 1
2023-08-04 10:46:36 0 [Note] InnoDB: Using SSE2 crc32 instructions
2023-08-04 10:46:36 0 [Note] InnoDB: Initializing buffer pool, total size = 16M, instances = 1, chunk size = 16M
2023-08-04 10:46:36 0 [Note] InnoDB: Completed initialization of buffer pool
2023-08-04 10:46:36 0 [Note] InnoDB: 128 out of 128 rollback segments are active.
2023-08-04 10:46:36 0 [Note] InnoDB: Creating shared tablespace for temporary tables
2023-08-04 10:46:36 0 [Note] InnoDB: Setting file 'C:\xampp\mysql\data\ibtmp1' size to 12 MB. Physically writing the file full; Please wait ...
2023-08-04 10:46:36 0 [Note] InnoDB: File 'C:\xampp\mysql\data\ibtmp1' size is now 12 MB.
2023-08-04 10:46:36 0 [Note] InnoDB: Waiting for purge to start
2023-08-04 10:46:36 0 [Note] InnoDB: 10.4.28 started; log sequence number 5649058; transaction id 885
2023-08-04 10:46:36 0 [Note] InnoDB: Loading buffer pool(s) from C:\xampp\mysql\data\ib_buffer_pool
2023-08-04 10:46:36 0 [Note] Plugin 'FEEDBACK' is disabled.
2023-08-04 10:46:36 0 [Note] Server socket created on IP: '::'.
2023-08-04 10:52:23 0 [Note] Starting MariaDB 10.4.28-MariaDB source revision c8f2e9a5c0ac5905f28b050b7df5a9ffd914b7e7 as process 11204
2023-08-04 10:52:23 0 [Note] InnoDB: Mutexes and rw_locks use Windows interlocked functions
2023-08-04 10:52:23 0 [Note] InnoDB: Uses event mutexes
2023-08-04 10:52:23 0 [Note] InnoDB: Compressed tables use zlib 1.2.12
2023-08-04 10:52:23 0 [Note] InnoDB: Number of pools: 1
2023-08-04 10:52:23 0 [Note] InnoDB: Using SSE2 crc32 instructions
2023-08-04 10:52:23 0 [Note] InnoDB: Initializing buffer pool, total size = 16M, instances = 1, chunk size = 16M
2023-08-04 10:52:23 0 [Note] InnoDB: Completed initialization of buffer pool
2023-08-04 10:52:23 0 [Note] InnoDB: 128 out of 128 rollback segments are active.
2023-08-04 10:52:23 0 [Note] InnoDB: Creating shared tablespace for temporary tables
2023-08-04 10:52:23 0 [Note] InnoDB: Setting file 'C:\xampp\mysql\data\ibtmp1' size to 12 MB. Physically writing the file full; Please wait ...
2023-08-04 10:52:23 0 [Note] InnoDB: File 'C:\xampp\mysql\data\ibtmp1' size is now 12 MB.
2023-08-04 10:52:23 0 [Note] InnoDB: Waiting for purge to start
2023-08-04 10:52:23 0 [Note] InnoDB: 10.4.28 started; log sequence number 5649067; transaction id 885
2023-08-04 10:52:23 0 [Note] InnoDB: Loading buffer pool(s) from C:\xampp\mysql\data\ib_buffer_pool
2023-08-04 10:52:23 0 [Note] Plugin 'FEEDBACK' is disabled.
2023-08-04 10:52:23 0 [Note] Server socket created on IP: '::'.
2023-08-04 11:05:24 0 [Note] Starting MariaDB 10.4.28-MariaDB source revision c8f2e9a5c0ac5905f28b050b7df5a9ffd914b7e7 as process 19656
2023-08-04 11:05:24 0 [Note] InnoDB: Mutexes and rw_locks use Windows interlocked functions
2023-08-04 11:05:24 0 [Note] InnoDB: Uses event mutexes
2023-08-04 11:05:24 0 [Note] InnoDB: Compressed tables use zlib 1.2.12
2023-08-04 11:05:24 0 [Note] InnoDB: Number of pools: 1
2023-08-04 11:05:24 0 [Note] InnoDB: Using SSE2 crc32 instructions
2023-08-04 11:05:24 0 [Note] InnoDB: Initializing buffer pool, total size = 16M, instances = 1, chunk size = 16M
2023-08-04 11:05:24 0 [Note] InnoDB: Completed initialization of buffer pool
2023-08-04 11:05:24 0 [Note] InnoDB: Starting crash recovery from checkpoint LSN=5649067
2023-08-04 11:05:24 0 [Note] InnoDB: 128 out of 128 rollback segments are active.
2023-08-04 11:05:24 0 [Note] InnoDB: Removed temporary tablespace data file: "ibtmp1"
2023-08-04 11:05:24 0 [Note] InnoDB: Creating shared tablespace for temporary tables
2023-08-04 11:05:24 0 [Note] InnoDB: Setting file 'C:\xampp\mysql\data\ibtmp1' size to 12 MB. Physically writing the file full; Please wait ...
2023-08-04 11:05:24 0 [Note] InnoDB: File 'C:\xampp\mysql\data\ibtmp1' size is now 12 MB.
2023-08-04 11:05:24 0 [Note] InnoDB: Waiting for purge to start
2023-08-04 11:05:24 0 [Note] InnoDB: 10.4.28 started; log sequence number 5649076; transaction id 885
2023-08-04 11:05:24 0 [Note] InnoDB: Loading buffer pool(s) from C:\xampp\mysql\data\ib_buffer_pool
2023-08-04 11:05:24 0 [Note] Plugin 'FEEDBACK' is disabled.
2023-08-04 11:05:24 0 [Note] Server socket created on IP: '::'.
2023-08-04 11:05:37 0 [Note] Starting MariaDB 10.4.28-MariaDB source revision c8f2e9a5c0ac5905f28b050b7df5a9ffd914b7e7 as process 7872
2023-08-04 11:05:37 0 [Note] InnoDB: Mutexes and rw_locks use Windows interlocked functions
2023-08-04 11:05:37 0 [Note] InnoDB: Uses event mutexes
2023-08-04 11:05:37 0 [Note] InnoDB: Compressed tables use zlib 1.2.12
2023-08-04 11:05:37 0 [Note] InnoDB: Number of pools: 1
2023-08-04 11:05:37 0 [Note] InnoDB: Using SSE2 crc32 instructions
2023-08-04 11:05:37 0 [Note] InnoDB: Initializing buffer pool, total size = 16M, instances = 1, chunk size = 16M
2023-08-04 11:05:37 0 [Note] InnoDB: Completed initialization of buffer pool
2023-08-04 11:05:37 0 [Note] InnoDB: 128 out of 128 rollback segments are active.
2023-08-04 11:05:37 0 [Note] InnoDB: Creating shared tablespace for temporary tables
2023-08-04 11:05:37 0 [Note] InnoDB: Setting file 'C:\xampp\mysql\data\ibtmp1' size to 12 MB. Physically writing the file full; Please wait ...
2023-08-04 11:05:37 0 [Note] InnoDB: File 'C:\xampp\mysql\data\ibtmp1' size is now 12 MB.
2023-08-04 11:05:37 0 [Note] InnoDB: Waiting for purge to start
2023-08-04 11:05:37 0 [Note] InnoDB: 10.4.28 started; log sequence number 5649085; transaction id 885
2023-08-04 11:05:37 0 [Note] InnoDB: Loading buffer pool(s) from C:\xampp\mysql\data\ib_buffer_pool
2023-08-04 11:05:37 0 [Note] Plugin 'FEEDBACK' is disabled.
2023-08-04 11:05:37 0 [Note] Server socket created on IP: '::'.
2023-08-04 11:05:41 0 [Note] Starting MariaDB 10.4.28-MariaDB source revision c8f2e9a5c0ac5905f28b050b7df5a9ffd914b7e7 as process 22500
2023-08-04 11:05:41 0 [Note] InnoDB: Mutexes and rw_locks use Windows interlocked functions
2023-08-04 11:05:41 0 [Note] InnoDB: Uses event mutexes
2023-08-04 11:05:41 0 [Note] InnoDB: Compressed tables use zlib 1.2.12
2023-08-04 11:05:41 0 [Note] InnoDB: Number of pools: 1
2023-08-04 11:05:41 0 [Note] InnoDB: Using SSE2 crc32 instructions
2023-08-04 11:05:41 0 [Note] InnoDB: Initializing buffer pool, total size = 16M, instances = 1, chunk size = 16M
2023-08-04 11:05:41 0 [Note] InnoDB: Completed initialization of buffer pool
2023-08-04 11:05:41 0 [Note] InnoDB: 128 out of 128 rollback segments are active.
2023-08-04 11:05:41 0 [Note] InnoDB: Creating shared tablespace for temporary tables
2023-08-04 11:05:41 0 [Note] InnoDB: Setting file 'C:\xampp\mysql\data\ibtmp1' size to 12 MB. Physically writing the file full; Please wait ...
2023-08-04 11:05:41 0 [Note] InnoDB: File 'C:\xampp\mysql\data\ibtmp1' size is now 12 MB.
2023-08-04 11:05:41 0 [Note] InnoDB: Waiting for purge to start
2023-08-04 11:05:41 0 [Note] InnoDB: 10.4.28 started; log sequence number 5649094; transaction id 885
2023-08-04 11:05:41 0 [Note] InnoDB: Loading buffer pool(s) from C:\xampp\mysql\data\ib_buffer_pool
2023-08-04 11:05:41 0 [Note] Plugin 'FEEDBACK' is disabled.
2023-08-04 11:05:41 0 [Note] Server socket created on IP: '::'.
2023-08-04 11:12:06 0 [Note] Starting MariaDB 10.4.28-MariaDB source revision c8f2e9a5c0ac5905f28b050b7df5a9ffd914b7e7 as process 8840
2023-08-04 11:12:06 0 [Note] InnoDB: Mutexes and rw_locks use Windows interlocked functions
2023-08-04 11:12:06 0 [Note] InnoDB: Uses event mutexes
2023-08-04 11:12:06 0 [Note] InnoDB: Compressed tables use zlib 1.2.12
2023-08-04 11:12:06 0 [Note] InnoDB: Number of pools: 1
2023-08-04 11:12:06 0 [Note] InnoDB: Using SSE2 crc32 instructions
2023-08-04 11:12:06 0 [Note] InnoDB: Initializing buffer pool, total size = 16M, instances = 1, chunk size = 16M
2023-08-04 11:12:06 0 [Note] InnoDB: Completed initialization of buffer pool
2023-08-04 11:12:06 0 [Note] InnoDB: 128 out of 128 rollback segments are active.
2023-08-04 11:12:06 0 [Note] InnoDB: Creating shared tablespace for temporary tables
2023-08-04 11:12:06 0 [Note] InnoDB: Setting file 'C:\xampp\mysql\data\ibtmp1' size to 12 MB. Physically writing the file full; Please wait ...
2023-08-04 11:12:06 0 [Note] InnoDB: File 'C:\xampp\mysql\data\ibtmp1' size is now 12 MB.
2023-08-04 11:12:06 0 [Note] InnoDB: Waiting for purge to start
2023-08-04 11:12:06 0 [Note] InnoDB: 10.4.28 started; log sequence number 5649103; transaction id 885
2023-08-04 11:12:06 0 [Note] InnoDB: Loading buffer pool(s) from C:\xampp\mysql\data\ib_buffer_pool
2023-08-04 11:12:06 0 [Note] Plugin 'FEEDBACK' is disabled.
2023-08-04 11:12:06 0 [Note] Server socket created on IP: '::'.
2023-08-04 11:12:25 0 [Note] Starting MariaDB 10.4.28-MariaDB source revision c8f2e9a5c0ac5905f28b050b7df5a9ffd914b7e7 as process 21836
2023-08-04 11:12:25 0 [Note] InnoDB: Mutexes and rw_locks use Windows interlocked functions
2023-08-04 11:12:25 0 [Note] InnoDB: Uses event mutexes
2023-08-04 11:12:25 0 [Note] InnoDB: Compressed tables use zlib 1.2.12
2023-08-04 11:12:25 0 [Note] InnoDB: Number of pools: 1
2023-08-04 11:12:25 0 [Note] InnoDB: Using SSE2 crc32 instructions
2023-08-04 11:12:25 0 [Note] InnoDB: Initializing buffer pool, total size = 16M, instances = 1, chunk size = 16M
2023-08-04 11:12:25 0 [Note] InnoDB: Completed initialization of buffer pool
2023-08-04 11:12:25 0 [Note] InnoDB: 128 out of 128 rollback segments are active.
2023-08-04 11:12:25 0 [Note] InnoDB: Creating shared tablespace for temporary tables
2023-08-04 11:12:25 0 [Note] InnoDB: Setting file 'C:\xampp\mysql\data\ibtmp1' size to 12 MB. Physically writing the file full; Please wait ...
2023-08-04 11:12:25 0 [Note] InnoDB: File 'C:\xampp\mysql\data\ibtmp1' size is now 12 MB.
2023-08-04 11:12:25 0 [Note] InnoDB: Waiting for purge to start
2023-08-04 11:12:25 0 [Note] InnoDB: 10.4.28 started; log sequence number 5649112; transaction id 885
2023-08-04 11:12:25 0 [Note] InnoDB: Loading buffer pool(s) from C:\xampp\mysql\data\ib_buffer_pool
2023-08-04 11:12:25 0 [Note] Plugin 'FEEDBACK' is disabled.
2023-08-04 11:12:25 0 [Note] Server socket created on IP: '::'.
2023-08-04 11:12:29 0 [Note] Starting MariaDB 10.4.28-MariaDB source revision c8f2e9a5c0ac5905f28b050b7df5a9ffd914b7e7 as process 8372
2023-08-04 11:12:29 0 [Note] InnoDB: Mutexes and rw_locks use Windows interlocked functions
2023-08-04 11:12:29 0 [Note] InnoDB: Uses event mutexes
2023-08-04 11:12:29 0 [Note] InnoDB: Compressed tables use zlib 1.2.12
2023-08-04 11:12:29 0 [Note] InnoDB: Number of pools: 1
2023-08-04 11:12:29 0 [Note] InnoDB: Using SSE2 crc32 instructions
2023-08-04 11:12:29 0 [Note] InnoDB: Initializing buffer pool, total size = 16M, instances = 1, chunk size = 16M
2023-08-04 11:12:29 0 [Note] InnoDB: Completed initialization of buffer pool
2023-08-04 11:12:29 0 [Note] InnoDB: 128 out of 128 rollback segments are active.
2023-08-04 11:12:29 0 [Note] InnoDB: Creating shared tablespace for temporary tables
2023-08-04 11:12:29 0 [Note] InnoDB: Setting file 'C:\xampp\mysql\data\ibtmp1' size to 12 MB. Physically writing the file full; Please wait ...
2023-08-04 11:12:29 0 [Note] InnoDB: File 'C:\xampp\mysql\data\ibtmp1' size is now 12 MB.
2023-08-04 11:12:29 0 [Note] InnoDB: Waiting for purge to start
2023-08-04 11:12:29 0 [Note] InnoDB: 10.4.28 started; log sequence number 5649121; transaction id 885
2023-08-04 11:12:29 0 [Note] InnoDB: Loading buffer pool(s) from C:\xampp\mysql\data\ib_buffer_pool
2023-08-04 11:12:29 0 [Note] Plugin 'FEEDBACK' is disabled.
2023-08-04 11:12:29 0 [Note] Server socket created on IP: '::'.
2023-08-04 11:13:27 0 [Note] Starting MariaDB 10.4.28-MariaDB source revision c8f2e9a5c0ac5905f28b050b7df5a9ffd914b7e7 as process 12392
2023-08-04 11:13:27 0 [Note] InnoDB: Mutexes and rw_locks use Windows interlocked functions
2023-08-04 11:13:27 0 [Note] InnoDB: Uses event mutexes
2023-08-04 11:13:27 0 [Note] InnoDB: Compressed tables use zlib 1.2.12
2023-08-04 11:13:27 0 [Note] InnoDB: Number of pools: 1
2023-08-04 11:13:27 0 [Note] InnoDB: Using SSE2 crc32 instructions
2023-08-04 11:13:27 0 [Note] InnoDB: Initializing buffer pool, total size = 16M, instances = 1, chunk size = 16M
2023-08-04 11:13:27 0 [Note] InnoDB: Completed initialization of buffer pool
2023-08-04 11:13:27 0 [Note] InnoDB: 128 out of 128 rollback segments are active.
2023-08-04 11:13:27 0 [Note] InnoDB: Creating shared tablespace for temporary tables
2023-08-04 11:13:27 0 [Note] InnoDB: Setting file 'C:\xampp\mysql\data\ibtmp1' size to 12 MB. Physically writing the file full; Please wait ...
2023-08-04 11:13:27 0 [Note] InnoDB: File 'C:\xampp\mysql\data\ibtmp1' size is now 12 MB.
2023-08-04 11:13:27 0 [Note] InnoDB: Waiting for purge to start
2023-08-04 11:13:27 0 [Note] InnoDB: 10.4.28 started; log sequence number 5649130; transaction id 885
2023-08-04 11:13:27 0 [Note] InnoDB: Loading buffer pool(s) from C:\xampp\mysql\data\ib_buffer_pool
2023-08-04 11:13:27 0 [Note] Plugin 'FEEDBACK' is disabled.
2023-08-04 11:13:27 0 [Note] Server socket created on IP: '::'.
2023-08-04 11:13:27 0 [Note] InnoDB: Buffer pool(s) load completed at 230804 11:13:27
2023-08-04 11:24:27 0 [Note] Starting MariaDB 10.4.28-MariaDB source revision c8f2e9a5c0ac5905f28b050b7df5a9ffd914b7e7 as process 20344
2023-08-04 11:24:27 0 [Note] InnoDB: Mutexes and rw_locks use Windows interlocked functions
2023-08-04 11:24:27 0 [Note] InnoDB: Uses event mutexes
2023-08-04 11:24:27 0 [Note] InnoDB: Compressed tables use zlib 1.2.12
2023-08-04 11:24:27 0 [Note] InnoDB: Number of pools: 1
2023-08-04 11:24:27 0 [Note] InnoDB: Using SSE2 crc32 instructions
2023-08-04 11:24:27 0 [Note] InnoDB: Initializing buffer pool, total size = 16M, instances = 1, chunk size = 16M
2023-08-04 11:24:27 0 [Note] InnoDB: Completed initialization of buffer pool
2023-08-04 11:24:27 0 [Note] InnoDB: 128 out of 128 rollback segments are active.
2023-08-04 11:24:27 0 [Note] InnoDB: Creating shared tablespace for temporary tables
2023-08-04 11:24:27 0 [Note] InnoDB: Setting file 'C:\xampp\mysql\data\ibtmp1' size to 12 MB. Physically writing the file full; Please wait ...
2023-08-04 11:24:27 0 [Note] InnoDB: File 'C:\xampp\mysql\data\ibtmp1' size is now 12 MB.
2023-08-04 11:24:27 0 [Note] InnoDB: 10.4.28 started; log sequence number 5649139; transaction id 885
2023-08-04 11:24:27 0 [Note] InnoDB: Loading buffer pool(s) from C:\xampp\mysql\data\ib_buffer_pool
2023-08-04 11:24:27 0 [Note] Plugin 'FEEDBACK' is disabled.
2023-08-04 11:24:27 0 [Note] Server socket created on IP: '::'.
2023-08-04 11:24:53 0 [Note] Starting MariaDB 10.4.28-MariaDB source revision c8f2e9a5c0ac5905f28b050b7df5a9ffd914b7e7 as process 19564
2023-08-04 11:24:53 0 [Note] InnoDB: Mutexes and rw_locks use Windows interlocked functions
2023-08-04 11:24:53 0 [Note] InnoDB: Uses event mutexes
2023-08-04 11:24:53 0 [Note] InnoDB: Compressed tables use zlib 1.2.12
2023-08-04 11:24:53 0 [Note] InnoDB: Number of pools: 1
2023-08-04 11:24:53 0 [Note] InnoDB: Using SSE2 crc32 instructions
2023-08-04 11:24:53 0 [Note] InnoDB: Initializing buffer pool, total size = 16M, instances = 1, chunk size = 16M
2023-08-04 11:24:53 0 [Note] InnoDB: Completed initialization of buffer pool
2023-08-04 11:24:53 0 [Note] InnoDB: 128 out of 128 rollback segments are active.
2023-08-04 11:24:53 0 [Note] InnoDB: Creating shared tablespace for temporary tables
2023-08-04 11:24:53 0 [Note] InnoDB: Setting file 'C:\xampp\mysql\data\ibtmp1' size to 12 MB. Physically writing the file full; Please wait ...
2023-08-04 11:24:53 0 [Note] InnoDB: File 'C:\xampp\mysql\data\ibtmp1' size is now 12 MB.
2023-08-04 11:24:53 0 [Note] InnoDB: Waiting for purge to start
2023-08-04 11:24:53 0 [Note] InnoDB: 10.4.28 started; log sequence number 5649148; transaction id 885
2023-08-04 11:24:53 0 [Note] InnoDB: Loading buffer pool(s) from C:\xampp\mysql\data\ib_buffer_pool
2023-08-04 11:24:53 0 [Note] Plugin 'FEEDBACK' is disabled.
2023-08-04 11:24:53 0 [Note] Server socket created on IP: '::'.
2023-08-04 11:24:56 0 [Note] Starting MariaDB 10.4.28-MariaDB source revision c8f2e9a5c0ac5905f28b050b7df5a9ffd914b7e7 as process 16124
2023-08-04 11:24:56 0 [Note] InnoDB: Mutexes and rw_locks use Windows interlocked functions
2023-08-04 11:24:56 0 [Note] InnoDB: Uses event mutexes
2023-08-04 11:24:56 0 [Note] InnoDB: Compressed tables use zlib 1.2.12
2023-08-04 11:24:56 0 [Note] InnoDB: Number of pools: 1
2023-08-04 11:24:56 0 [Note] InnoDB: Using SSE2 crc32 instructions
2023-08-04 11:24:56 0 [Note] InnoDB: Initializing buffer pool, total size = 16M, instances = 1, chunk size = 16M
2023-08-04 11:24:56 0 [Note] InnoDB: Completed initialization of buffer pool
2023-08-04 11:24:56 0 [Note] InnoDB: 128 out of 128 rollback segments are active.
2023-08-04 11:24:56 0 [Note] InnoDB: Creating shared tablespace for temporary tables
2023-08-04 11:24:56 0 [Note] InnoDB: Setting file 'C:\xampp\mysql\data\ibtmp1' size to 12 MB. Physically writing the file full; Please wait ...
2023-08-04 11:24:56 0 [Note] InnoDB: File 'C:\xampp\mysql\data\ibtmp1' size is now 12 MB.
2023-08-04 11:24:56 0 [Note] InnoDB: Waiting for purge to start
2023-08-04 11:24:56 0 [Note] InnoDB: 10.4.28 started; log sequence number 5649157; transaction id 885
2023-08-04 11:24:56 0 [Note] InnoDB: Loading buffer pool(s) from C:\xampp\mysql\data\ib_buffer_pool
2023-08-04 11:24:56 0 [Note] Plugin 'FEEDBACK' is disabled.
2023-08-04 11:24:56 0 [Note] Server socket created on IP: '::'.
2023-08-04 11:25:03 0 [Note] Starting MariaDB 10.4.28-MariaDB source revision c8f2e9a5c0ac5905f28b050b7df5a9ffd914b7e7 as process 12716
2023-08-04 11:25:03 0 [Note] InnoDB: Mutexes and rw_locks use Windows interlocked functions
2023-08-04 11:25:03 0 [Note] InnoDB: Uses event mutexes
2023-08-04 11:25:03 0 [Note] InnoDB: Compressed tables use zlib 1.2.12
2023-08-04 11:25:03 0 [Note] InnoDB: Number of pools: 1
2023-08-04 11:25:03 0 [Note] InnoDB: Using SSE2 crc32 instructions
2023-08-04 11:25:03 0 [Note] InnoDB: Initializing buffer pool, total size = 16M, instances = 1, chunk size = 16M
2023-08-04 11:25:03 0 [Note] InnoDB: Completed initialization of buffer pool
2023-08-04 11:25:03 0 [Note] InnoDB: 128 out of 128 rollback segments are active.
2023-08-04 11:25:03 0 [Note] InnoDB: Creating shared tablespace for temporary tables
2023-08-04 11:25:03 0 [Note] InnoDB: Setting file 'C:\xampp\mysql\data\ibtmp1' size to 12 MB. Physically writing the file full; Please wait ...
2023-08-04 11:25:03 0 [Note] InnoDB: File 'C:\xampp\mysql\data\ibtmp1' size is now 12 MB.
2023-08-04 11:25:03 0 [Note] InnoDB: Waiting for purge to start
2023-08-04 11:25:03 0 [Note] InnoDB: 10.4.28 started; log sequence number 5649166; transaction id 885
2023-08-04 11:25:03 0 [Note] InnoDB: Loading buffer pool(s) from C:\xampp\mysql\data\ib_buffer_pool
2023-08-04 11:25:03 0 [Note] Plugin 'FEEDBACK' is disabled.
2023-08-04 11:25:03 0 [Note] Server socket created on IP: '::'.
2023-08-04 11:25:20 0 [Note] Starting MariaDB 10.4.28-MariaDB source revision c8f2e9a5c0ac5905f28b050b7df5a9ffd914b7e7 as process 6780
2023-08-04 11:25:20 0 [Note] InnoDB: Mutexes and rw_locks use Windows interlocked functions
2023-08-04 11:25:20 0 [Note] InnoDB: Uses event mutexes
2023-08-04 11:25:20 0 [Note] InnoDB: Compressed tables use zlib 1.2.12
2023-08-04 11:25:20 0 [Note] InnoDB: Number of pools: 1
2023-08-04 11:25:20 0 [Note] InnoDB: Using SSE2 crc32 instructions
2023-08-04 11:25:20 0 [Note] InnoDB: Initializing buffer pool, total size = 16M, instances = 1, chunk size = 16M
2023-08-04 11:25:20 0 [Note] InnoDB: Completed initialization of buffer pool
2023-08-04 11:25:20 0 [Note] InnoDB: 128 out of 128 rollback segments are active.
2023-08-04 11:25:20 0 [Note] InnoDB: Creating shared tablespace for temporary tables
2023-08-04 11:25:20 0 [Note] InnoDB: Setting file 'C:\xampp\mysql\data\ibtmp1' size to 12 MB. Physically writing the file full; Please wait ...
2023-08-04 11:25:20 0 [Note] InnoDB: File 'C:\xampp\mysql\data\ibtmp1' size is now 12 MB.
2023-08-04 11:25:20 0 [Note] InnoDB: Waiting for purge to start
2023-08-04 11:25:20 0 [Note] InnoDB: 10.4.28 started; log sequence number 5649175; transaction id 885
2023-08-04 11:25:20 0 [Note] InnoDB: Loading buffer pool(s) from C:\xampp\mysql\data\ib_buffer_pool
2023-08-04 11:25:20 0 [Note] Plugin 'FEEDBACK' is disabled.
2023-08-04 11:25:20 0 [Note] Server socket created on IP: '::'.
2023-08-04 11:26:40 0 [Note] Starting MariaDB 10.4.28-MariaDB source revision c8f2e9a5c0ac5905f28b050b7df5a9ffd914b7e7 as process 2924
2023-08-04 11:26:40 0 [Note] InnoDB: Mutexes and rw_locks use Windows interlocked functions
2023-08-04 11:26:40 0 [Note] InnoDB: Uses event mutexes
2023-08-04 11:26:40 0 [Note] InnoDB: Compressed tables use zlib 1.2.12
2023-08-04 11:26:40 0 [Note] InnoDB: Number of pools: 1
2023-08-04 11:26:40 0 [Note] InnoDB: Using SSE2 crc32 instructions
2023-08-04 11:26:40 0 [Note] InnoDB: Initializing buffer pool, total size = 16M, instances = 1, chunk size = 16M
2023-08-04 11:26:40 0 [Note] InnoDB: Completed initialization of buffer pool
2023-08-04 11:26:40 0 [Note] InnoDB: 128 out of 128 rollback segments are active.
2023-08-04 11:26:40 0 [Note] InnoDB: Creating shared tablespace for temporary tables
2023-08-04 11:26:40 0 [Note] InnoDB: Setting file 'C:\xampp\mysql\data\ibtmp1' size to 12 MB. Physically writing the file full; Please wait ...
2023-08-04 11:26:40 0 [Note] InnoDB: File 'C:\xampp\mysql\data\ibtmp1' size is now 12 MB.
2023-08-04 11:26:40 0 [Note] InnoDB: Waiting for purge to start
2023-08-04 11:26:40 0 [Note] InnoDB: 10.4.28 started; log sequence number 5649184; transaction id 885
2023-08-04 11:26:40 0 [Note] InnoDB: Loading buffer pool(s) from C:\xampp\mysql\data\ib_buffer_pool
2023-08-04 11:26:40 0 [Note] Plugin 'FEEDBACK' is disabled.
2023-08-04 11:26:40 0 [Note] Server socket created on IP: '::'.
2023-08-04 11:33:42 0 [Note] Starting MariaDB 10.4.28-MariaDB source revision c8f2e9a5c0ac5905f28b050b7df5a9ffd914b7e7 as process 19052
2023-08-04 11:33:42 0 [Note] InnoDB: Mutexes and rw_locks use Windows interlocked functions
2023-08-04 11:33:42 0 [Note] InnoDB: Uses event mutexes
2023-08-04 11:33:42 0 [Note] InnoDB: Compressed tables use zlib 1.2.12
2023-08-04 11:33:42 0 [Note] InnoDB: Number of pools: 1
2023-08-04 11:33:42 0 [Note] InnoDB: Using SSE2 crc32 instructions
2023-08-04 11:33:42 0 [Note] InnoDB: Initializing buffer pool, total size = 16M, instances = 1, chunk size = 16M
2023-08-04 11:33:42 0 [Note] InnoDB: Completed initialization of buffer pool
2023-08-04 11:33:42 0 [Note] InnoDB: 128 out of 128 rollback segments are active.
2023-08-04 11:33:42 0 [Note] InnoDB: Creating shared tablespace for temporary tables
2023-08-04 11:33:42 0 [Note] InnoDB: Setting file 'C:\xampp\mysql\data\ibtmp1' size to 12 MB. Physically writing the file full; Please wait ...
2023-08-04 11:33:42 0 [Note] InnoDB: File 'C:\xampp\mysql\data\ibtmp1' size is now 12 MB.
2023-08-04 11:33:42 0 [Note] InnoDB: Waiting for purge to start
2023-08-04 11:33:42 0 [Note] InnoDB: 10.4.28 started; log sequence number 5649193; transaction id 885
2023-08-04 11:33:42 0 [Note] InnoDB: Loading buffer pool(s) from C:\xampp\mysql\data\ib_buffer_pool
2023-08-04 11:33:42 0 [Note] Plugin 'FEEDBACK' is disabled.
2023-08-04 11:33:42 0 [Note] Server socket created on IP: '::'.
2023-08-04 12:14:40 0 [Note] Starting MariaDB 10.4.28-MariaDB source revision c8f2e9a5c0ac5905f28b050b7df5a9ffd914b7e7 as process 12064
2023-08-04 12:14:40 0 [Note] InnoDB: Mutexes and rw_locks use Windows interlocked functions
2023-08-04 12:14:40 0 [Note] InnoDB: Uses event mutexes
2023-08-04 12:14:40 0 [Note] InnoDB: Compressed tables use zlib 1.2.12
2023-08-04 12:14:40 0 [Note] InnoDB: Number of pools: 1
2023-08-04 12:14:40 0 [Note] InnoDB: Using SSE2 crc32 instructions
2023-08-04 12:14:40 0 [Note] InnoDB: Initializing buffer pool, total size = 16M, instances = 1, chunk size = 16M
2023-08-04 12:14:40 0 [Note] InnoDB: Completed initialization of buffer pool
2023-08-04 12:14:40 0 [Note] InnoDB: 128 out of 128 rollback segments are active.
2023-08-04 12:14:40 0 [Note] InnoDB: Creating shared tablespace for temporary tables
2023-08-04 12:14:40 0 [Note] InnoDB: Setting file 'C:\xampp\mysql\data\ibtmp1' size to 12 MB. Physically writing the file full; Please wait ...
2023-08-04 12:14:40 0 [Note] InnoDB: File 'C:\xampp\mysql\data\ibtmp1' size is now 12 MB.
2023-08-04 12:14:40 0 [Note] InnoDB: Waiting for purge to start
2023-08-04 12:14:40 0 [Note] InnoDB: 10.4.28 started; log sequence number 5649202; transaction id 885
2023-08-04 12:14:40 0 [Note] InnoDB: Loading buffer pool(s) from C:\xampp\mysql\data\ib_buffer_pool
2023-08-04 12:14:40 0 [Note] Plugin 'FEEDBACK' is disabled.
2023-08-04 12:14:40 0 [Note] Server socket created on IP: '::'.
